<?xml version="1.0" encoding="UTF-8"?>
<!-- Generated by org.testng.reporters.JUnitXMLReporter -->
<testsuite ignored="0" hostname="Pet-Computer" failures="0" tests="4" name="Default test" time="41.937" errors="0" timestamp="11 Apr 2023 16:17:47 GMT">
  <testcase classname="Topic_6_Login" name="TC_01_LoginEmpty" time="10.867"/>
  <testcase classname="Topic_6_Login" name="TC_02_InvalidMail" time="7.346"/>
  <testcase classname="Topic_6_Login" name="TC_03_Password6" time="6.05"/>
  <testcase classname="Topic_6_Login" name="TC_04_Incorrect" time="9.338"/>
</testsuite> <!-- Default test -->
